#
# There is insufficient memory for the Java Runtime Environment to continue.
# Native memory allocation (malloc) failed to allocate 1048576 bytes for AllocateHeap
# Possible reasons:
#   The system is out of physical RAM or swap space
#   The process is running with CompressedOops enabled, and the Java Heap may be blocking the growth of the native heap
# Possible solutions:
#   Reduce memory load on the system
#   Increase physical memory or swap space
#   Check if swap backing store is full
#   Decrease Java heap size (-Xmx/-Xms)
#   Decrease number of Java threads
#   Decrease Java thread stack sizes (-Xss)
#   Set larger code cache with -XX:ReservedCodeCacheSize=
#   JVM is running with Unscaled Compressed Oops mode in which the Java heap is
#     placed in the first 4GB address space. The Java Heap base address is the
#     maximum limit for the native heap growth. Please use -XX:HeapBaseMinAddress
#     to set the Java Heap base and to place the Java Heap above 4GB virtual address.
# This output file may be truncated or incomplete.
#
#  Out of Memory Error (memory/allocation.inline.hpp:61), pid=7936, tid=0x0000000000004a8c
#
# JRE version:  (8.0_381) (build )
# Java VM: Java HotSpot(TM) 64-Bit Server VM (25.381-b09 mixed mode windows-amd64 compressed oops)
# Failed to write core dump. Minidumps are not enabled by default on client versions of Windows
#

---------------  T H R E A D  ---------------

Current thread (0x0000025844d1a800):  JavaThread "Unknown thread" [_thread_in_vm, id=19084, stack(0x000000cee4c00000,0x000000cee4d00000)]

Stack: [0x000000cee4c00000,0x000000cee4d00000]
Native frames: (J=compiled Java code, j=interpreted, Vv=VM code, C=native code)
V  [jvm.dll+0x353039]
V  [jvm.dll+0x290052]
V  [jvm.dll+0x290c1d]
V  [jvm.dll+0x285255]
V  [jvm.dll+0x502d]
V  [jvm.dll+0x3fa2f8]
V  [jvm.dll+0x3facee]
V  [jvm.dll+0x1058ff]
V  [jvm.dll+0x21b25b]
V  [jvm.dll+0x24c09a]
V  [jvm.dll+0x16d436]
C  [javaw.exe+0x2422]
C  [javaw.exe+0x16be0]
C  [KERNEL32.DLL+0x2e8d7]
C  [ntdll.dll+0xb14fc]


---------------  P R O C E S S  ---------------

Java Threads: ( => current thread )

Other Threads:

=>0x0000025844d1a800 (exited) JavaThread "Unknown thread" [_thread_in_vm, id=19084, stack(0x000000cee4c00000,0x000000cee4d00000)]

VM state:not at safepoint (normal execution)

VM Mutex/Monitor currently owned by a thread: None

heap address: 0x00000000ff000000, size: 16 MB, Compressed Oops mode: 32-bit
Narrow klass base: 0x0000000000000000, Narrow klass shift: 3
Compressed class space size: 1073741824 Address: 0x0000000100000000

Heap:
 PSYoungGen      total 4608K, used 81K [0x00000000ffb00000, 0x0000000100000000, 0x0000000100000000)
  eden space 4096K, 2% used [0x00000000ffb00000,0x00000000ffb147b8,0x00000000fff00000)
  from space 512K, 0% used [0x00000000fff80000,0x00000000fff80000,0x0000000100000000)
  to   space 512K, 0% used [0x00000000fff00000,0x00000000fff00000,0x00000000fff80000)
 ParOldGen       total 11264K, used 0K [0x00000000ff000000, 0x00000000ffb00000, 0x00000000ffb00000)
  object space 11264K, 0% used [0x00000000ff000000,0x00000000ff000000,0x00000000ffb00000)
 Metaspace       used 751K, capacity 4480K, committed 4480K, reserved 1056768K
  class space    used 76K, capacity 384K, committed 384K, reserved 1048576K

Card table byte_map: [0x0000025844fc0000,0x0000025844fd0000] byte_map_base: 0x00000258447c8000

Marking Bits: (ParMarkBitMap*) 0x00007ffc6cfe6040
 Begin Bits: [0x0000025846790000, 0x00000258467d0000)
 End Bits:   [0x00000258467d0000, 0x0000025846810000)

Polling page: 0x0000025844f90000

CodeCache: size=245760Kb used=329Kb max_used=329Kb free=245430Kb
 bounds [0x0000025846920000, 0x0000025846b90000, 0x0000025855920000]
 total_blobs=58 nmethods=0 adapters=38
 compilation: enabled

Compilation events (0 events):
No events

GC Heap History (0 events):
No events

Deoptimization events (0 events):
No events

Classes redefined (0 events):
No events

Internal exceptions (0 events):
No events

Events (10 events):
Event: 0.033 loading class java/lang/Short
Event: 0.033 loading class java/lang/Short done
Event: 0.033 loading class java/lang/Integer
Event: 0.033 loading class java/lang/Integer done
Event: 0.033 loading class java/lang/Long
Event: 0.034 loading class java/lang/Long done
Event: 0.034 loading class java/lang/NullPointerException
Event: 0.034 loading class java/lang/NullPointerException done
Event: 0.034 loading class java/lang/ArithmeticException
Event: 0.034 loading class java/lang/ArithmeticException done


Dynamic libraries:
0x00007ff73c4d0000 - 0x00007ff73c51a000 	C:\Program Files\Java\jre-1.8\bin\javaw.exe
0x00007ffce7640000 - 0x00007ffce78a0000 	C:\WINDOWS\SYSTEM32\ntdll.dll
0x00007ffce6b10000 - 0x00007ffce6bd7000 	C:\WINDOWS\System32\KERNEL32.DLL
0x00007ffce49a0000 - 0x00007ffce4d6a000 	C:\WINDOWS\System32\KERNELBASE.dll
0x00007ffce58d0000 - 0x00007ffce5982000 	C:\WINDOWS\System32\ADVAPI32.dll
0x00007ffce55a0000 - 0x00007ffce5649000 	C:\WINDOWS\System32\msvcrt.dll
0x00007ffce5ff0000 - 0x00007ffce6096000 	C:\WINDOWS\System32\sechost.dll
0x00007ffce5440000 - 0x00007ffce5556000 	C:\WINDOWS\System32\RPCRT4.dll
0x00007ffce6be0000 - 0x00007ffce6dac000 	C:\WINDOWS\System32\USER32.dll
0x00007ffce5160000 - 0x00007ffce5187000 	C:\WINDOWS\System32\win32u.dll
0x00007ffce5570000 - 0x00007ffce559a000 	C:\WINDOWS\System32\GDI32.dll
0x00007ffce4e00000 - 0x00007ffce4f31000 	C:\WINDOWS\System32\gdi32full.dll
0x00007ffce50b0000 - 0x00007ffce5153000 	C:\WINDOWS\System32\msvcp_win.dll
0x00007ffce52f0000 - 0x00007ffce543b000 	C:\WINDOWS\System32\ucrtbase.dll
0x00007ffccdac0000 - 0x00007ffccdd57000 	C:\WINDOWS\WinSxS\amd64_microsoft.windows.common-controls_6595b64144ccf1df_6.0.26100.3624_none_3e086962e3345f24\COMCTL32.dll
0x00007ffce6eb0000 - 0x00007ffce6edf000 	C:\WINDOWS\System32\IMM32.DLL
0x00007ffcac340000 - 0x00007ffcac35b000 	C:\Program Files\Java\jre-1.8\bin\vcruntime140.dll
0x00007ffcc7080000 - 0x00007ffcc708c000 	C:\Program Files\Java\jre-1.8\bin\vcruntime140_1.dll
0x00007ffc86220000 - 0x00007ffc862ae000 	C:\Program Files\Java\jre-1.8\bin\msvcp140.dll
0x00007ffc6c7b0000 - 0x00007ffc6d060000 	C:\Program Files\Java\jre-1.8\bin\server\jvm.dll
0x00007ffce5760000 - 0x00007ffce5768000 	C:\WINDOWS\System32\PSAPI.DLL
0x00007ffcc6a50000 - 0x00007ffcc6a5a000 	C:\WINDOWS\SYSTEM32\WSOCK32.dll
0x00007ffce6a90000 - 0x00007ffce6b04000 	C:\WINDOWS\System32\WS2_32.dll
0x00007ffcd2cd0000 - 0x00007ffcd2d06000 	C:\WINDOWS\SYSTEM32\WINMM.dll
0x00007ffcdac10000 - 0x00007ffcdac1b000 	C:\WINDOWS\SYSTEM32\VERSION.dll
0x00007ffce3730000 - 0x00007ffce374a000 	C:\WINDOWS\SYSTEM32\kernel.appcore.dll
0x00007ffcbefd0000 - 0x00007ffcbefe0000 	C:\Program Files\Java\jre-1.8\bin\verify.dll
0x00007ffcaa360000 - 0x00007ffcaa38b000 	C:\Program Files\Java\jre-1.8\bin\java.dll
0x00007ffcaa830000 - 0x00007ffcaa848000 	C:\Program Files\Java\jre-1.8\bin\zip.dll
0x00007ffce1ff0000 - 0x00007ffce2231000 	C:\WINDOWS\SYSTEM32\dbghelp.dll
0x00007ffce5b30000 - 0x00007ffce5eb2000 	C:\WINDOWS\System32\combase.dll
0x00007ffce6280000 - 0x00007ffce6356000 	C:\WINDOWS\System32\OLEAUT32.dll
0x00007ffce5190000 - 0x00007ffce5229000 	C:\WINDOWS\System32\bcryptPrimitives.dll

VM Arguments:
jvm_args: -Xmx16m 
java_command: org.eclipse.jdt.internal.launching.support.LibraryDetector
java_class_path (initial): C:\Users\Truem\AppData\Roaming\Cursor\User\globalStorage\redhat.java\1.41.1\config_win\org.eclipse.osgi\57\0\.cp\lib\launchingsupport.jar
Launcher Type: SUN_STANDARD

Environment Variables:
PATH=C:\Program Files (x86)\Common Files\Oracle\Java\javapath;D:\?ng d?ng h?c t?p h?c k? 1 nãm 2\Môn m?ng máy tính\bin\;C:\Program Files\Python311\Scripts\;C:\Program Files\Python311\;C:\Windows\system32;C:\Windows;C:\Windows\System32\Wbem;C:\Windows\System32\WindowsPowerShell\v1.0\;C:\Windows\System32\OpenSSH\;C:\Program Files (x86)\NVIDIA Corporation\PhysX\Common;C:\Program Files\NVIDIA Corporation\NVIDIA NvDLISR;C:\Program Files\Microsoft SQL Server\150\Tools\Binn\;C:\WINDOWS\system32;C:\WINDOWS;C:\WINDOWS\System32\Wbem;C:\WINDOWS\System32\WindowsPowerShell\v1.0\;C:\WINDOWS\System32\OpenSSH\;C:\Program Files\Git\cmd;C:\Program Files\nodejs\;C:\Program Files (x86)\Windows Kits\10\Windows Performance Toolkit\;C:\Program Files\dotnet\;C:\Program Files (x86)\Microsoft SQL Server\160\Tools\Binn\;C:\Program Files\Microsoft SQL Server\160\Tools\Binn\;C:\Program Files\Microsoft SQL Server\Client SDK\ODBC\170\Tools\Binn\;C:\Program Files\Microsoft SQL Server\160\DTS\Binn\;C:\Program Files (x86)\Microsoft SQL Server\160\DTS\Binn\;C:\Users\Truem\AppData\Local\Microsoft\WindowsApps;C:\Users\Truem\AppData\Local\Programs\Microsoft VS Code\bin;C:\Users\Truem\AppData\Local\GitHubDesktop\bin;C:\Users\Truem\AppData\Roaming\npm;D:\Xampp\php;C:\Users\Truem\.dotnet\tools;C:\Users\Truem\AppData\Local\Programs\cursor\resources\app\bin
USERNAME=Truem
OS=Windows_NT
PROCESSOR_IDENTIFIER=Intel64 Family 6 Model 165 Stepping 2, GenuineIntel



---------------  S Y S T E M  ---------------

OS: Windows 11 , 64 bit Build 26100 (10.0.26100.3775)

CPU:total 8 (initial active 8) (4 cores per cpu, 2 threads per core) family 6 model 165 stepping 2, cmov, cx8, fxsr, mmx, sse, sse2, sse3, ssse3, sse4.1, sse4.2, popcnt, avx, avx2, aes, clmul, erms, 3dnowpref, lzcnt, ht, tsc, tscinvbit, bmi1, bmi2, adx

Memory: 4k page, physical 16610312k(1109348k free), swap 35810180k(73408k free)

vm_info: Java HotSpot(TM) 64-Bit Server VM (25.381-b09) for windows-amd64 JRE (1.8.0_381-b09), built on Jun 14 2023 13:50:38 by "java_re" with MS VC++ 17.1 (VS2022)

time: Sun Apr 13 22:26:58 2025
timezone: SE Asia Standard Time
elapsed time: 1.067307 seconds (0d 0h 0m 1s)

